<?xml version="1.0" encoding="UTF-8"?>
<!-- Generated by org.testng.reporters.JUnitReportReporter -->
<testsuite skipped="1" hostname="LAPTOP-JOPOHLMU" name="com.crm.qa.automation.testcases.HomePageTestcases" tests="5" failures="0" timestamp="03 Jun 2020 06:34:14 GMT" time="9.222" errors="0">
  <testcase name="verifyPageTitle" time="0.001" classname="com.crm.qa.automation.testcases.HomePageTestcases"/>
  <testcase name="verifyLoggedInUser" time="0.056" classname="com.crm.qa.automation.testcases.HomePageTestcases"/>
  <testcase name="addBoxAndVerify" time="5.923" classname="com.crm.qa.automation.testcases.HomePageTestcases"/>
  <testcase name="searchInHome" time="3.242" classname="com.crm.qa.automation.testcases.HomePageTestcases"/>
  <testcase name="createContactquickly" classname="com.crm.qa.automation.testcases.HomePageTestcases">
    <skipped/>
  </testcase> <!-- createContactquickly -->
</testsuite> <!-- com.crm.qa.automation.testcases.HomePageTestcases -->
