<?xml version="1.0" encoding="UTF-8"?>
<!-- Generated by org.testng.reporters.JUnitReportReporter -->
<testsuite skipped="0" hostname="LAPTOP-JOPOHLMU" name="com.crm.qa.automation.testcases.ContactsPageTestcases" tests="2" failures="0" timestamp="03 Jun 2020 06:34:14 GMT" time="210.176" errors="0">
  <testcase name="addNewContact" time="112.217" classname="com.crm.qa.automation.testcases.ContactsPageTestcases"/>
  <testcase name="editContact" time="97.959" classname="com.crm.qa.automation.testcases.ContactsPageTestcases"/>
</testsuite> <!-- com.crm.qa.automation.testcases.ContactsPageTestcases -->
