<?xml version="1.0" encoding="UTF-8"?>
<!-- Generated by org.testng.reporters.JUnitReportReporter -->
<testsuite skipped="0" hostname="LAPTOP-JOPOHLMU" name="com.crm.qa.automation.testcases.LoginPageTestcases" tests="7" failures="0" timestamp="03 Jun 2020 06:34:14 GMT" time="15.020" errors="0">
  <testcase name="verifyPageTitle" time="0.018" classname="com.crm.qa.automation.testcases.LoginPageTestcases"/>
  <testcase name="verifyLogoImage" time="0.158" classname="com.crm.qa.automation.testcases.LoginPageTestcases"/>
  <testcase name="verifyLinksPresence" time="0.526" classname="com.crm.qa.automation.testcases.LoginPageTestcases"/>
  <testcase name="verifyPageCenterText" time="0.033" classname="com.crm.qa.automation.testcases.LoginPageTestcases"/>
  <testcase name="verifyLinksDisplayed" time="0.849" classname="com.crm.qa.automation.testcases.LoginPageTestcases"/>
  <testcase name="loginUnsuccessful" time="5.775" classname="com.crm.qa.automation.testcases.LoginPageTestcases"/>
  <testcase name="loginToApplication" time="7.661" classname="com.crm.qa.automation.testcases.LoginPageTestcases"/>
</testsuite> <!-- com.crm.qa.automation.testcases.LoginPageTestcases -->
